{
  "/home/samy/Documents/Code/ATLP/Apprenticeship/atlp-pulse-fn/src/App.tsx": {
    "path": "/home/samy/Documents/Code/ATLP/Apprenticeship/atlp-pulse-fn/src/App.tsx",
    "statementMap": {
      "0": {
        "start": { "line": 1, "column": 0 },
        "end": { "line": 1, "column": 25 }
      },
      "1": {
        "start": { "line": 3, "column": 12 },
        "end": { "line": 11, "column": 1 }
      },
      "2": {
        "start": { "line": 10, "column": 4 },
        "end": { "line": 10, "column": null }
      },
      "3": {
        "start": { "line": 13, "column": 0 },
        "end": { "line": 13, "column": null }
      }
    },
    "fnMap": {
      "0": {
        "name": "(anonymous_1)",
        "decl": {
          "start": { "line": 3, "column": 12 },
          "end": { "line": 3, "column": 15 }
        },
        "loc": {
          "start": { "line": 3, "column": 17 },
          "end": { "line": 11, "column": 1 }
        }
      }
    },
    "branchMap": {},
    "s": { "0": 1, "1": 1, "2": 1, "3": 1 },
    "f": { "0": 1 },
    "b": {}
  }
}
